{
  "RSpec": {
    "coverage": {
      "/Users/jenniferlao/turing/mod2/auth_explore/config/environment.rb": [
        null,
        1,
        null,
        null,
        1
      ],
      "/Users/jenniferlao/turing/mod2/auth_explore/config/application.rb": [
        1,
        null,
        1,
        null,
        1,
        1,
        1,
        1,
        1,
        1,
        1,
        1,
        null,
        null,
        null,
        null,
        1,
        null,
        1,
        1,
        null,
        1,
        null,
        null,
        null,
        null,
        null,
        null,
        1,
        null,
        null
      ],
      "/Users/jenniferlao/turing/mod2/auth_explore/config/boot.rb": [
        1,
        null,
        1
      ],
      "/Users/jenniferlao/turing/mod2/auth_explore/config/environments/test.rb": [
        1,
        null,
        null,
        null,
        null,
        null,
        null,
        1,
        null,
        null,
        null,
        null,
        1,
        null,
        null,
        1,
        1,
        null,
        null,
        null,
        null,
        1,
        1,
        null,
        null,
        1,
        null,
        null,
        1,
        1,
        null,
        null,
        null,
        null,
        1,
        null,
        null,
        1,
        null,
        null,
        null,
        null
      ],
      "/Users/jenniferlao/turing/mod2/auth_explore/config/initializers/application_controller_renderer.rb": [
        null,
        null,
        null,
        null,
        null,
        null,
        null,
        null
      ],
      "/Users/jenniferlao/turing/mod2/auth_explore/config/initializers/assets.rb": [
        null,
        null,
        null,
        1,
        null,
        null,
        null,
        null,
        1,
        null,
        null,
        null,
        null,
        null
      ],
      "/Users/jenniferlao/turing/mod2/auth_explore/config/initializers/backtrace_silencers.rb": [
        null,
        null,
        null,
        null,
        null,
        null,
        null
      ],
      "/Users/jenniferlao/turing/mod2/auth_explore/config/initializers/cookies_serializer.rb": [
        null,
        null,
        null,
        null,
        1
      ],
      "/Users/jenniferlao/turing/mod2/auth_explore/config/initializers/filter_parameter_logging.rb": [
        null,
        null,
        null,
        1
      ],
      "/Users/jenniferlao/turing/mod2/auth_explore/config/initializers/inflections.rb": [
        null,
        null,
        null,
        null,
        null,
        null,
        null,
        null,
        null,
        null,
        null,
        null,
        null,
        null,
        null,
        null
      ],
      "/Users/jenniferlao/turing/mod2/auth_explore/config/initializers/mime_types.rb": [
        null,
        null,
        null,
        null
      ],
      "/Users/jenniferlao/turing/mod2/auth_explore/config/initializers/wrap_parameters.rb": [
        null,
        null,
        null,
        null,
        null,
        null,
        1,
        2,
        null,
        null,
        null,
        null,
        null,
        null
      ],
      "/Users/jenniferlao/turing/mod2/auth_explore/config/routes.rb": [
        1,
        null,
        1,
        null,
        1,
        null
      ],
      "/Users/jenniferlao/turing/mod2/auth_explore/app/helpers/application_helper.rb": [
        1,
        null
      ],
      "/Users/jenniferlao/turing/mod2/auth_explore/spec/features/new_user_spec.rb": [
        1,
        null,
        1,
        1,
        null,
        1,
        null,
        1,
        1,
        1,
        null,
        1,
        1,
        1,
        null,
        1,
        null,
        1,
        null,
        null
      ],
      "/Users/jenniferlao/turing/mod2/auth_explore/spec/models/user_spec.rb": [
        1,
        null,
        1,
        1,
        2,
        2,
        2,
        2,
        2,
        null,
        null,
        null
      ],
      "/Users/jenniferlao/turing/mod2/auth_explore/app/models/user.rb": [
        1,
        1,
        1,
        null,
        1,
        null,
        1,
        0,
        0,
        0,
        0,
        null,
        null,
        null,
        null
      ],
      "/Users/jenniferlao/turing/mod2/auth_explore/app/models/application_record.rb": [
        1,
        1,
        null
      ],
      "/Users/jenniferlao/turing/mod2/auth_explore/app/controllers/users_controller.rb": [
        1,
        null,
        1,
        1,
        null,
        null,
        1,
        null,
        null,
        1,
        1,
        1,
        1,
        1,
        null,
        0,
        null,
        null,
        null,
        1,
        1,
        null,
        null,
        1,
        1,
        1,
        null,
        null
      ],
      "/Users/jenniferlao/turing/mod2/auth_explore/app/controllers/application_controller.rb": [
        1,
        1,
        null,
        null,
        1,
        null,
        null,
        null,
        null,
        1,
        null,
        0,
        null,
        null
      ]
    },
    "timestamp": 1539811325
  }
}
